<?xml version="1.0" encoding="UTF-8"?>
<!-- Generated by org.testng.reporters.JUnitXMLReporter -->
<testsuite ignored="0" hostname="DESKTOP-9QSJCVC" failures="0" tests="5" name="Sanity" time="2.79" errors="0" timestamp="03 Nov 2022 16:59:27 GMT">
  <testcase classname="com.mystore.qa.testcases.ui.LoginPageTest" name="@BeforeMethod setUp" time="2.752">
    <failure type="org.openqa.selenium.SessionNotCreatedException" message="session not created: This version of ChromeDriver only supports Chrome version 108
Current browser version is 107.0.5304.88 with binary path C:\Program Files\Google\Chrome\Application\chrome.exe
Build info: version: &amp;apos;3.141.59&amp;apos;, revision: &amp;apos;e82be7d358&amp;apos;, time: &amp;apos;2018-11-14T08:17:03&amp;apos;
System info: host: &amp;apos;DESKTOP-9QSJCVC&amp;apos;, ip: &amp;apos;192.168.0.4&amp;apos;, os.name: &amp;apos;Windows 11&amp;apos;, os.arch: &amp;apos;amd64&amp;apos;, os.version: &amp;apos;10.0&amp;apos;, java.version: &amp;apos;17.0.4.1&amp;apos;
Driver info: driver.version: ChromeDriver
remote stacktrace: Backtrace:
	(No symbol) [0x011DE563]
	(No symbol) [0x01167FC1]
	(No symbol) [0x0105D04D]
	(No symbol) [0x0107F6B4]
	(No symbol) [0x0107A97C]
	(No symbol) [0x010782E9]
	(No symbol) [0x010AF056]
	(No symbol) [0x010AEB2A]
	(No symbol) [0x010A8386]
	(No symbol) [0x0108163C]
	(No symbol) [0x0108269D]
	GetHandleVerifier [0x01479B82+2658722]
	GetHandleVerifier [0x0146CB84+2605476]
	GetHandleVerifier [0x0128825A+620666]
	GetHandleVerifier [0x01286E80+615584]
	(No symbol) [0x011705EC]
	(No symbol) [0x01175958]
	(No symbol) [0x01175A45]
	(No symbol) [0x0118050B]
	BaseThreadInitThunk [0x759E7BA9+25]
	RtlInitializeExceptionChain [0x774BBB9B+107]
	RtlClearBits [0x774BBB1F+191]
">
      <![CDATA[org.openqa.selenium.SessionNotCreatedException: session not created: This version of ChromeDriver only supports Chrome version 108
Current browser version is 107.0.5304.88 with binary path C:\Program Files\Google\Chrome\Application\chrome.exe
Build info: version: '3.141.59', revision: 'e82be7d358', time: '2018-11-14T08:17:03'
System info: host: 'DESKTOP-9QSJCVC', ip: '192.168.0.4', os.name: 'Windows 11', os.arch: 'amd64', os.version: '10.0', java.version: '17.0.4.1'
Driver info: driver.version: ChromeDriver
remote stacktrace: Backtrace:
(No symbol) [0x011DE563]
(No symbol) [0x01167FC1]
(No symbol) [0x0105D04D]
(No symbol) [0x0107F6B4]
(No symbol) [0x0107A97C]
(No symbol) [0x010782E9]
(No symbol) [0x010AF056]
(No symbol) [0x010AEB2A]
(No symbol) [0x010A8386]
(No symbol) [0x0108163C]
(No symbol) [0x0108269D]
GetHandleVerifier [0x01479B82+2658722]
GetHandleVerifier [0x0146CB84+2605476]
GetHandleVerifier [0x0128825A+620666]
GetHandleVerifier [0x01286E80+615584]
(No symbol) [0x011705EC]
(No symbol) [0x01175958]
(No symbol) [0x01175A45]
(No symbol) [0x0118050B]
BaseThreadInitThunk [0x759E7BA9+25]
RtlInitializeExceptionChain [0x774BBB9B+107]
RtlClearBits [0x774BBB1F+191]

at org.openqa.selenium.remote.W3CHandshakeResponse.lambda$errorHandler$0(W3CHandshakeResponse.java:62)
at org.openqa.selenium.remote.HandshakeResponse.lambda$getResponseFunction$0(HandshakeResponse.java:30)
at org.openqa.selenium.remote.ProtocolHandshake.lambda$createSession$0(ProtocolHandshake.java:126)
at java.base/java.util.stream.ReferencePipeline$3$1.accept(ReferencePipeline.java:197)
at java.base/java.util.Spliterators$ArraySpliterator.tryAdvance(Spliterators.java:1002)
at java.base/java.util.stream.ReferencePipeline.forEachWithCancel(ReferencePipeline.java:129)
at java.base/java.util.stream.AbstractPipeline.copyIntoWithCancel(AbstractPipeline.java:527)
at java.base/java.util.stream.AbstractPipeline.copyInto(AbstractPipeline.java:513)
at java.base/java.util.stream.AbstractPipeline.wrapAndCopyInto(AbstractPipeline.java:499)
at java.base/java.util.stream.FindOps$FindOp.evaluateSequential(FindOps.java:150)
at java.base/java.util.stream.AbstractPipeline.evaluate(AbstractPipeline.java:234)
at java.base/java.util.stream.ReferencePipeline.findFirst(ReferencePipeline.java:647)
at org.openqa.selenium.remote.ProtocolHandshake.createSession(ProtocolHandshake.java:128)
at org.openqa.selenium.remote.ProtocolHandshake.createSession(ProtocolHandshake.java:74)
at org.openqa.selenium.remote.HttpCommandExecutor.execute(HttpCommandExecutor.java:136)
at org.openqa.selenium.remote.service.DriverCommandExecutor.execute(DriverCommandExecutor.java:83)
at org.openqa.selenium.remote.RemoteWebDriver.execute(RemoteWebDriver.java:552)
at org.openqa.selenium.remote.RemoteWebDriver.startSession(RemoteWebDriver.java:213)
at org.openqa.selenium.remote.RemoteWebDriver.<init>(RemoteWebDriver.java:131)
at org.openqa.selenium.chrome.ChromeDriver.<init>(ChromeDriver.java:181)
at org.openqa.selenium.chrome.ChromeDriver.<init>(ChromeDriver.java:168)
at org.openqa.selenium.chrome.ChromeDriver.<init>(ChromeDriver.java:123)
at com.mystore.qa.base.BasePage.initialization(BasePage.java:50)
at com.mystore.qa.testcases.ui.LoginPageTest.setUp(LoginPageTest.java:35)
at java.base/java.util.concurrent.ThreadPoolExecutor.runWorker(ThreadPoolExecutor.java:1136)
at java.base/java.util.concurrent.ThreadPoolExecutor$Worker.run(ThreadPoolExecutor.java:635)
at java.base/java.lang.Thread.run(Thread.java:833)
... Removed 18 stack frames]]>
    </failure>
  </testcase> <!-- @BeforeMethod setUp -->
  <testcase classname="com.mystore.qa.testcases.ui.LoginPageTest" name="@BeforeMethod setUp" time="2.752">
    <failure type="org.openqa.selenium.SessionNotCreatedException" message="session not created: This version of ChromeDriver only supports Chrome version 108
Current browser version is 107.0.5304.88 with binary path C:\Program Files\Google\Chrome\Application\chrome.exe
Build info: version: &amp;apos;3.141.59&amp;apos;, revision: &amp;apos;e82be7d358&amp;apos;, time: &amp;apos;2018-11-14T08:17:03&amp;apos;
System info: host: &amp;apos;DESKTOP-9QSJCVC&amp;apos;, ip: &amp;apos;192.168.0.4&amp;apos;, os.name: &amp;apos;Windows 11&amp;apos;, os.arch: &amp;apos;amd64&amp;apos;, os.version: &amp;apos;10.0&amp;apos;, java.version: &amp;apos;17.0.4.1&amp;apos;
Driver info: driver.version: ChromeDriver
remote stacktrace: Backtrace:
	(No symbol) [0x011DE563]
	(No symbol) [0x01167FC1]
	(No symbol) [0x0105D04D]
	(No symbol) [0x0107F6B4]
	(No symbol) [0x0107A97C]
	(No symbol) [0x010782E9]
	(No symbol) [0x010AF056]
	(No symbol) [0x010AEB2A]
	(No symbol) [0x010A8386]
	(No symbol) [0x0108163C]
	(No symbol) [0x0108269D]
	GetHandleVerifier [0x01479B82+2658722]
	GetHandleVerifier [0x0146CB84+2605476]
	GetHandleVerifier [0x0128825A+620666]
	GetHandleVerifier [0x01286E80+615584]
	(No symbol) [0x011705EC]
	(No symbol) [0x01175958]
	(No symbol) [0x01175A45]
	(No symbol) [0x0118050B]
	BaseThreadInitThunk [0x759E7BA9+25]
	RtlInitializeExceptionChain [0x774BBB9B+107]
	RtlClearBits [0x774BBB1F+191]
">
      <![CDATA[org.openqa.selenium.SessionNotCreatedException: session not created: This version of ChromeDriver only supports Chrome version 108
Current browser version is 107.0.5304.88 with binary path C:\Program Files\Google\Chrome\Application\chrome.exe
Build info: version: '3.141.59', revision: 'e82be7d358', time: '2018-11-14T08:17:03'
System info: host: 'DESKTOP-9QSJCVC', ip: '192.168.0.4', os.name: 'Windows 11', os.arch: 'amd64', os.version: '10.0', java.version: '17.0.4.1'
Driver info: driver.version: ChromeDriver
remote stacktrace: Backtrace:
(No symbol) [0x011DE563]
(No symbol) [0x01167FC1]
(No symbol) [0x0105D04D]
(No symbol) [0x0107F6B4]
(No symbol) [0x0107A97C]
(No symbol) [0x010782E9]
(No symbol) [0x010AF056]
(No symbol) [0x010AEB2A]
(No symbol) [0x010A8386]
(No symbol) [0x0108163C]
(No symbol) [0x0108269D]
GetHandleVerifier [0x01479B82+2658722]
GetHandleVerifier [0x0146CB84+2605476]
GetHandleVerifier [0x0128825A+620666]
GetHandleVerifier [0x01286E80+615584]
(No symbol) [0x011705EC]
(No symbol) [0x01175958]
(No symbol) [0x01175A45]
(No symbol) [0x0118050B]
BaseThreadInitThunk [0x759E7BA9+25]
RtlInitializeExceptionChain [0x774BBB9B+107]
RtlClearBits [0x774BBB1F+191]

at org.openqa.selenium.remote.W3CHandshakeResponse.lambda$errorHandler$0(W3CHandshakeResponse.java:62)
at org.openqa.selenium.remote.HandshakeResponse.lambda$getResponseFunction$0(HandshakeResponse.java:30)
at org.openqa.selenium.remote.ProtocolHandshake.lambda$createSession$0(ProtocolHandshake.java:126)
at java.base/java.util.stream.ReferencePipeline$3$1.accept(ReferencePipeline.java:197)
at java.base/java.util.Spliterators$ArraySpliterator.tryAdvance(Spliterators.java:1002)
at java.base/java.util.stream.ReferencePipeline.forEachWithCancel(ReferencePipeline.java:129)
at java.base/java.util.stream.AbstractPipeline.copyIntoWithCancel(AbstractPipeline.java:527)
at java.base/java.util.stream.AbstractPipeline.copyInto(AbstractPipeline.java:513)
at java.base/java.util.stream.AbstractPipeline.wrapAndCopyInto(AbstractPipeline.java:499)
at java.base/java.util.stream.FindOps$FindOp.evaluateSequential(FindOps.java:150)
at java.base/java.util.stream.AbstractPipeline.evaluate(AbstractPipeline.java:234)
at java.base/java.util.stream.ReferencePipeline.findFirst(ReferencePipeline.java:647)
at org.openqa.selenium.remote.ProtocolHandshake.createSession(ProtocolHandshake.java:128)
at org.openqa.selenium.remote.ProtocolHandshake.createSession(ProtocolHandshake.java:74)
at org.openqa.selenium.remote.HttpCommandExecutor.execute(HttpCommandExecutor.java:136)
at org.openqa.selenium.remote.service.DriverCommandExecutor.execute(DriverCommandExecutor.java:83)
at org.openqa.selenium.remote.RemoteWebDriver.execute(RemoteWebDriver.java:552)
at org.openqa.selenium.remote.RemoteWebDriver.startSession(RemoteWebDriver.java:213)
at org.openqa.selenium.remote.RemoteWebDriver.<init>(RemoteWebDriver.java:131)
at org.openqa.selenium.chrome.ChromeDriver.<init>(ChromeDriver.java:181)
at org.openqa.selenium.chrome.ChromeDriver.<init>(ChromeDriver.java:168)
at org.openqa.selenium.chrome.ChromeDriver.<init>(ChromeDriver.java:123)
at com.mystore.qa.base.BasePage.initialization(BasePage.java:50)
at com.mystore.qa.testcases.ui.LoginPageTest.setUp(LoginPageTest.java:35)
at java.base/java.util.concurrent.ThreadPoolExecutor.runWorker(ThreadPoolExecutor.java:1136)
at java.base/java.util.concurrent.ThreadPoolExecutor$Worker.run(ThreadPoolExecutor.java:635)
at java.base/java.lang.Thread.run(Thread.java:833)
... Removed 18 stack frames]]>
    </failure>
  </testcase> <!-- @BeforeMethod setUp -->
  <testcase classname="com.mystore.qa.testcases.ui.LoginPageTest" name="@AfterMethod tearDown" time="0.0">
    <failure type="java.lang.NullPointerException" message="Cannot invoke &amp;quot;org.openqa.selenium.WebDriver.quit()&amp;quot; because &amp;quot;com.mystore.qa.testcases.ui.LoginPageTest.driver&amp;quot; is null">
      <![CDATA[java.lang.NullPointerException: Cannot invoke "org.openqa.selenium.WebDriver.quit()" because "com.mystore.qa.testcases.ui.LoginPageTest.driver" is null
at com.mystore.qa.testcases.ui.LoginPageTest.tearDown(LoginPageTest.java:104)
at java.base/java.util.concurrent.ThreadPoolExecutor.runWorker(ThreadPoolExecutor.java:1136)
at java.base/java.util.concurrent.ThreadPoolExecutor$Worker.run(ThreadPoolExecutor.java:635)
at java.base/java.lang.Thread.run(Thread.java:833)
... Removed 13 stack frames]]>
    </failure>
  </testcase> <!-- @AfterMethod tearDown -->
  <testcase classname="com.mystore.qa.testcases.ui.LoginPageTest" name="@AfterMethod tearDown" time="0.0">
    <failure type="java.lang.NullPointerException" message="Cannot invoke &amp;quot;org.openqa.selenium.WebDriver.quit()&amp;quot; because &amp;quot;com.mystore.qa.testcases.ui.LoginPageTest.driver&amp;quot; is null">
      <![CDATA[java.lang.NullPointerException: Cannot invoke "org.openqa.selenium.WebDriver.quit()" because "com.mystore.qa.testcases.ui.LoginPageTest.driver" is null
at com.mystore.qa.testcases.ui.LoginPageTest.tearDown(LoginPageTest.java:104)
at java.base/java.util.concurrent.ThreadPoolExecutor.runWorker(ThreadPoolExecutor.java:1136)
at java.base/java.util.concurrent.ThreadPoolExecutor$Worker.run(ThreadPoolExecutor.java:635)
at java.base/java.lang.Thread.run(Thread.java:833)
... Removed 13 stack frames]]>
    </failure>
  </testcase> <!-- @AfterMethod tearDown -->
  <testcase classname="com.mystore.qa.testcases.ui.LoginPageTest" name="@BeforeMethod setUp" time="0.0">
    <skipped/>
  </testcase> <!-- @BeforeMethod setUp -->
  <testcase classname="com.mystore.qa.testcases.ui.LoginPageTest" name="@BeforeMethod setUp" time="0.0">
    <skipped/>
  </testcase> <!-- @BeforeMethod setUp -->
  <testcase classname="com.mystore.qa.testcases.ui.LoginPageTest" name="@AfterMethod tearDown" time="0.0">
    <failure type="java.lang.NullPointerException" message="Cannot invoke &amp;quot;org.openqa.selenium.WebDriver.quit()&amp;quot; because &amp;quot;com.mystore.qa.testcases.ui.LoginPageTest.driver&amp;quot; is null">
      <![CDATA[java.lang.NullPointerException: Cannot invoke "org.openqa.selenium.WebDriver.quit()" because "com.mystore.qa.testcases.ui.LoginPageTest.driver" is null
at com.mystore.qa.testcases.ui.LoginPageTest.tearDown(LoginPageTest.java:104)
at java.base/java.util.concurrent.ThreadPoolExecutor.runWorker(ThreadPoolExecutor.java:1136)
at java.base/java.util.concurrent.ThreadPoolExecutor$Worker.run(ThreadPoolExecutor.java:635)
at java.base/java.lang.Thread.run(Thread.java:833)
... Removed 13 stack frames]]>
    </failure>
  </testcase> <!-- @AfterMethod tearDown -->
  <testcase classname="com.mystore.qa.testcases.ui.LoginPageTest" name="@AfterMethod tearDown" time="0.0">
    <failure type="java.lang.NullPointerException" message="Cannot invoke &amp;quot;org.openqa.selenium.WebDriver.quit()&amp;quot; because &amp;quot;com.mystore.qa.testcases.ui.LoginPageTest.driver&amp;quot; is null">
      <![CDATA[java.lang.NullPointerException: Cannot invoke "org.openqa.selenium.WebDriver.quit()" because "com.mystore.qa.testcases.ui.LoginPageTest.driver" is null
at com.mystore.qa.testcases.ui.LoginPageTest.tearDown(LoginPageTest.java:104)
at java.base/java.util.concurrent.ThreadPoolExecutor.runWorker(ThreadPoolExecutor.java:1136)
at java.base/java.util.concurrent.ThreadPoolExecutor$Worker.run(ThreadPoolExecutor.java:635)
at java.base/java.lang.Thread.run(Thread.java:833)
... Removed 13 stack frames]]>
    </failure>
  </testcase> <!-- @AfterMethod tearDown -->
  <testcase classname="com.mystore.qa.testcases.ui.LoginPageTest" name="@BeforeMethod setUp" time="0.0">
    <skipped/>
  </testcase> <!-- @BeforeMethod setUp -->
  <testcase classname="com.mystore.qa.testcases.ui.LoginPageTest" name="@AfterMethod tearDown" time="0.0">
    <failure type="java.lang.NullPointerException" message="Cannot invoke &amp;quot;org.openqa.selenium.WebDriver.quit()&amp;quot; because &amp;quot;com.mystore.qa.testcases.ui.LoginPageTest.driver&amp;quot; is null">
      <![CDATA[java.lang.NullPointerException: Cannot invoke "org.openqa.selenium.WebDriver.quit()" because "com.mystore.qa.testcases.ui.LoginPageTest.driver" is null
at com.mystore.qa.testcases.ui.LoginPageTest.tearDown(LoginPageTest.java:104)
at java.base/java.util.concurrent.ThreadPoolExecutor.runWorker(ThreadPoolExecutor.java:1136)
at java.base/java.util.concurrent.ThreadPoolExecutor$Worker.run(ThreadPoolExecutor.java:635)
at java.base/java.lang.Thread.run(Thread.java:833)
... Removed 13 stack frames]]>
    </failure>
  </testcase> <!-- @AfterMethod tearDown -->
  <testcase classname="com.mystore.qa.testcases.ui.LoginPageTest" name="loginPageTitleTest" time="0.0">
    <skipped/>
  </testcase> <!-- loginPageTitleTest -->
  <testcase classname="com.mystore.qa.testcases.ui.LoginPageTest" name="loginWithEmptyEmailFieldTest" time="0.0">
    <skipped/>
  </testcase> <!-- loginWithEmptyEmailFieldTest -->
  <testcase classname="com.mystore.qa.testcases.ui.LoginPageTest" name="loginWithEmptyPasswordFieldTest" time="0.0">
    <skipped/>
  </testcase> <!-- loginWithEmptyPasswordFieldTest -->
  <testcase classname="com.mystore.qa.testcases.ui.LoginPageTest" name="loginWithInalidEmailTest" time="0.0">
    <skipped/>
  </testcase> <!-- loginWithInalidEmailTest -->
  <testcase classname="com.mystore.qa.testcases.ui.LoginPageTest" name="loginWithValidCredentialsTest" time="0.0">
    <skipped/>
  </testcase> <!-- loginWithValidCredentialsTest -->
</testsuite> <!-- Sanity -->
